This is pdfTeX, Version 3.141592653-2.6-1.40.24 (MiKTeX 22.10) (preloaded format=latex 2022.11.1)  1 NOV 2022 13:58
entering extended mode
 restricted \write18 enabled.
 %&-line parsing enabled.
**./resume2022.cls
(resume2022.cls
LaTeX2e <2022-06-01> patch level 5
L3 programming layer <2022-09-28>

! LaTeX Error: File `resume.cls' not found.

Type X to quit or <RETURN> to proceed,
or enter new name. (Default extension: cls)

Enter file name: resume2022
(resume2022.cls

! LaTeX Error: Two \documentclass or \documentstyle commands.

See the LaTeX manual or LaTeX Companion for explanation.
Type  H <return>  for immediate help.
 ...                                              
                                                  
l.1 \documentclass{
                   resume} % The style class
? H
The document may only declare one class.
? X
 
Here is how much of TeX's memory you used:
 39 strings out of 475386
 1032 string characters out of 2776933
 340160 words of memory out of 3000000
 21515 multiletter control sequences out of 15000+600000
 469259 words of font info for 28 fonts, out of 8000000 for 9000
 1141 hyphenation exceptions out of 8191
 25i,0n,34p,88b,18s stack positions out of 10000i,1000n,20000p,200000b,80000s
No pages of output.
